<?xml version="1.0" encoding="UTF-8"?>
<testng-results skipped="0" failed="0" total="1" passed="1">
  <reporter-output>
  </reporter-output>
  <suite name="Default suite" duration-ms="25774" started-at="2018-07-24T05:39:01Z" finished-at="2018-07-24T05:39:27Z">
    <groups>
    </groups>
    <test name="Default test" duration-ms="25774" started-at="2018-07-24T05:39:01Z" finished-at="2018-07-24T05:39:27Z">
      <class name="com.actitime.customertest.CustomerNameTest">
        <test-method status="PASS" signature="configBc()[pri:0, instance:com.actitime.customertest.CustomerNameTest@27efef64]" name="configBc" is-config="true" duration-ms="12648" started-at="2018-07-24T11:09:02Z" finished-at="2018-07-24T11:09:14Z">
          <reporter-output>
          </reporter-output>
        </test-method> <!-- configBc -->
        <test-method status="PASS" signature="confiBm()[pri:0, instance:com.actitime.customertest.CustomerNameTest@27efef64]" name="confiBm" is-config="true" duration-ms="4423" started-at="2018-07-24T11:09:14Z" finished-at="2018-07-24T11:09:19Z">
          <reporter-output>
          </reporter-output>
        </test-method> <!-- confiBm -->
        <test-method status="PASS" signature="createCustomerTest()[pri:0, instance:com.actitime.customertest.CustomerNameTest@27efef64]" name="createCustomerTest" duration-ms="8543" started-at="2018-07-24T11:09:19Z" finished-at="2018-07-24T11:09:27Z">
          <reporter-output>
          </reporter-output>
        </test-method> <!-- createCustomerTest -->
        <test-method status="PASS" signature="confiAm()[pri:0, instance:com.actitime.customertest.CustomerNameTest@27efef64]" name="confiAm" is-config="true" duration-ms="8" started-at="2018-07-24T11:09:27Z" finished-at="2018-07-24T11:09:27Z">
          <reporter-output>
          </reporter-output>
        </test-method> <!-- confiAm -->
        <test-method status="PASS" signature="confiAc()[pri:0, instance:com.actitime.customertest.CustomerNameTest@27efef64]" name="confiAc" is-config="true" duration-ms="25" started-at="2018-07-24T11:09:27Z" finished-at="2018-07-24T11:09:27Z">
          <reporter-output>
          </reporter-output>
        </test-method> <!-- confiAc -->
      </class> <!-- com.actitime.customertest.CustomerNameTest -->
    </test> <!-- Default test -->
  </suite> <!-- Default suite -->
</testng-results>
